<?xml version="1.0" encoding="UTF-8"?>
<!-- Generated by org.testng.reporters.JUnitReportReporter -->
<testsuite hostname="LAPTOP-5M6A98T7" name="testCases_Ecommerce.TestCase02" tests="1" failures="0" timestamp="2 Dec 2018 07:11:26 GMT" time="212.348" errors="0">
  <testcase name="VerifyFlipkartApp" time="212.348" classname="testCases_Ecommerce.TestCase02"/>
</testsuite> <!-- testCases_Ecommerce.TestCase02 -->
