<?xml version="1.0" encoding="UTF-8"?>
<!-- Generated by org.testng.reporters.JUnitReportReporter -->
<testsuite hostname="LAPTOP-5M6A98T7" name="testCases_Ecommerce.TestCase01" tests="1" failures="0" timestamp="1 Dec 2018 18:38:54 GMT" time="15.756" errors="0">
  <testcase name="VerifyFlipkartApp" time="15.756" classname="testCases_Ecommerce.TestCase01"/>
</testsuite> <!-- testCases_Ecommerce.TestCase01 -->
